# JRE version: 7.0_05-b06
# Java VM: Java HotSpot(TM) 64-Bit Server VM (23.1-b03 mixed mode windows-amd64 compressed oops)
Heap
 PSYoungGen      total 142080K, used 23385K [0x00000000d56b0000, 0x00000000e7390000, 0x0000000000000000)
  eden space 130496K, 9% used [0x00000000d56b0000,0x00000000d6238d88,0x00000000dd620000)
  from space 11584K, 99% used [0x00000000dd620000,0x00000000de16da08,0x00000000de170000)
  to   space 15360K, 0% used [0x00000000e6490000,0x00000000e6490000,0x00000000e7390000)
 ParOldGen       total 87232K, used 18827K [0x0000000080400000, 0x0000000085930000, 0x00000000d56b0000)
  object space 87232K, 21% used [0x0000000080400000,0x0000000081662e20,0x0000000085930000)
 PSPermGen       total 21248K, used 2967K [0x000000007b200000, 0x000000007c6c0000, 0x0000000080400000)
  object space 21248K, 13% used [0x000000007b200000,0x000000007b4e5e08,0x000000007c6c0000)
GC Heap History (10 events):
Event: 0,644 GC heap before
{Heap before GC invocations=3 (full 0):
 PSYoungGen      total 38144K, used 38112K [0x00000000d56b0000, 0x00000000da130000, 0x0000000000000000)
  eden space 32704K, 100% used [0x00000000d56b0000,0x00000000d76a0000,0x00000000d76a0000)
  from space 5440K, 99% used [0x00000000d7bf0000,0x00000000d8138030,0x00000000d8140000)
  to   space 5440K, 0% used [0x00000000d76a0000,0x00000000d76a0000,0x00000000d7bf0000)
 ParOldGen       total 87232K, used 3208K [0x0000000080400000, 0x0000000085930000, 0x00000000d56b0000)
  object space 87232K, 3% used [0x0000000080400000,0x0000000080722000,0x0000000085930000)
 PSPermGen       total 21248K, used 2631K [0x000000007b200000, 0x000000007c6c0000, 0x0000000080400000)
  object space 21248K, 12% used [0x000000007b200000,0x000000007b491d20,0x000000007c6c0000)
Event: 0,648 GC heap after
Heap after GC invocations=3 (full 0):
 PSYoungGen      total 38144K, used 5424K [0x00000000d56b0000, 0x00000000da130000, 0x0000000000000000)
  eden space 32704K, 0% used [0x00000000d56b0000,0x00000000d56b0000,0x00000000d76a0000)
  from space 5440K, 99% used [0x00000000d76a0000,0x00000000d7bec020,0x00000000d7bf0000)
  to   space 5440K, 0% used [0x00000000d9be0000,0x00000000d9be0000,0x00000000da130000)
 ParOldGen       total 87232K, used 6080K [0x0000000080400000, 0x0000000085930000, 0x00000000d56b0000)
  object space 87232K, 6% used [0x0000000080400000,0x00000000809f0000,0x0000000085930000)
 PSPermGen       total 21248K, used 2631K [0x000000007b200000, 0x000000007c6c0000, 0x0000000080400000)
  object space 21248K, 12% used [0x000000007b200000,0x000000007b491d20,0x000000007c6c0000)
}
Event: 0,731 GC heap before
{Heap before GC invocations=4 (full 0):
 PSYoungGen      total 38144K, used 38128K [0x00000000d56b0000, 0x00000000da130000, 0x0000000000000000)
  eden space 32704K, 100% used [0x00000000d56b0000,0x00000000d76a0000,0x00000000d76a0000)
  from space 5440K, 99% used [0x00000000d76a0000,0x00000000d7bec020,0x00000000d7bf0000)
  to   space 5440K, 0% used [0x00000000d9be0000,0x00000000d9be0000,0x00000000da130000)
 ParOldGen       total 87232K, used 6080K [0x0000000080400000, 0x0000000085930000, 0x00000000d56b0000)
  object space 87232K, 6% used [0x0000000080400000,0x00000000809f0000,0x0000000085930000)
 PSPermGen       total 21248K, used 2631K [0x000000007b200000, 0x000000007c6c0000, 0x0000000080400000)
  object space 21248K, 12% used [0x000000007b200000,0x000000007b491d20,0x000000007c6c0000)
Event: 0,737 GC heap after
Heap after GC invocations=4 (full 0):
 PSYoungGen      total 70848K, used 5408K [0x00000000d56b0000, 0x00000000da130000, 0x0000000000000000)
  eden space 65408K, 0% used [0x00000000d56b0000,0x00000000d56b0000,0x00000000d9690000)
  from space 5440K, 99% used [0x00000000d9be0000,0x00000000da128010,0x00000000da130000)
  to   space 5440K, 0% used [0x00000000d9690000,0x00000000d9690000,0x00000000d9be0000)
 ParOldGen       total 87232K, used 8987K [0x0000000080400000, 0x0000000085930000, 0x00000000d56b0000)
  object space 87232K, 10% used [0x0000000080400000,0x0000000080cc6da0,0x0000000085930000)
 PSPermGen       total 21248K, used 2631K [0x000000007b200000, 0x000000007c6c0000, 0x0000000080400000)
  object space 21248K, 12% used [0x000000007b200000,0x000000007b491d20,0x000000007c6c0000)
}
Event: 0,912 GC heap before
{Heap before GC invocations=5 (full 0):
 PSYoungGen      total 70848K, used 70816K [0x00000000d56b0000, 0x00000000da130000, 0x0000000000000000)
  eden space 65408K, 100% used [0x00000000d56b0000,0x00000000d9690000,0x00000000d9690000)
  from space 5440K, 99% used [0x00000000d9be0000,0x00000000da128010,0x00000000da130000)
  to   space 5440K, 0% used [0x00000000d9690000,0x00000000d9690000,0x00000000d9be0000)
 ParOldGen       total 87232K, used 8987K [0x0000000080400000, 0x0000000085930000, 0x00000000d56b0000)
  object space 87232K, 10% used [0x0000000080400000,0x0000000080cc6da0,0x0000000085930000)
 PSPermGen       total 21248K, used 2631K [0x000000007b200000, 0x000000007c6c0000, 0x0000000080400000)
  object space 21248K, 12% used [0x000000007b200000,0x000000007b491d20,0x000000007c6c0000)
Event: 0,919 GC heap after
Heap after GC invocations=5 (full 0):
 PSYoungGen      total 70848K, used 5430K [0x00000000d56b0000, 0x00000000dec70000, 0x0000000000000000)
  eden space 65408K, 0% used [0x00000000d56b0000,0x00000000d56b0000,0x00000000d9690000)
  from space 5440K, 99% used [0x00000000d9690000,0x00000000d9bdda28,0x00000000d9be0000)
  to   space 11264K, 0% used [0x00000000de170000,0x00000000de170000,0x00000000dec70000)
 ParOldGen       total 87232K, used 13659K [0x0000000080400000, 0x0000000085930000, 0x00000000d56b0000)
  object space 87232K, 15% used [0x0000000080400000,0x0000000081156dd0,0x0000000085930000)
 PSPermGen       total 21248K, used 2631K [0x000000007b200000, 0x000000007c6c0000, 0x0000000080400000)
  object space 21248K, 12% used [0x000000007b200000,0x000000007b491d20,0x000000007c6c0000)
}
Event: 1,098 GC heap before
{Heap before GC invocations=6 (full 0):
 PSYoungGen      total 70848K, used 70838K [0x00000000d56b0000, 0x00000000dec70000, 0x0000000000000000)
  eden space 65408K, 100% used [0x00000000d56b0000,0x00000000d9690000,0x00000000d9690000)
  from space 5440K, 99% used [0x00000000d9690000,0x00000000d9bdda28,0x00000000d9be0000)
  to   space 11264K, 0% used [0x00000000de170000,0x00000000de170000,0x00000000dec70000)
 ParOldGen       total 87232K, used 13659K [0x0000000080400000, 0x0000000085930000, 0x00000000d56b0000)
  object space 87232K, 15% used [0x0000000080400000,0x0000000081156dd0,0x0000000085930000)
 PSPermGen       total 21248K, used 2631K [0x000000007b200000, 0x000000007c6c0000, 0x0000000080400000)
  object space 21248K, 12% used [0x000000007b200000,0x000000007b491e20,0x000000007c6c0000)
Event: 1,105 GC heap after
Heap after GC invocations=6 (full 0):
 PSYoungGen      total 141760K, used 9616K [0x00000000d56b0000, 0x00000000ded10000, 0x0000000000000000)
  eden space 130496K, 0% used [0x00000000d56b0000,0x00000000d56b0000,0x00000000dd620000)
  from space 11264K, 85% used [0x00000000de170000,0x00000000dead4030,0x00000000dec70000)
  to   space 11584K, 0% used [0x00000000dd620000,0x00000000dd620000,0x00000000de170000)
 ParOldGen       total 87232K, used 13659K [0x0000000080400000, 0x0000000085930000, 0x00000000d56b0000)
  object space 87232K, 15% used [0x0000000080400000,0x0000000081156dd0,0x0000000085930000)
 PSPermGen       total 21248K, used 2631K [0x000000007b200000, 0x000000007c6c0000, 0x0000000080400000)
  object space 21248K, 12% used [0x000000007b200000,0x000000007b491e20,0x000000007c6c0000)
}
Event: 1,497 GC heap before
{Heap before GC invocations=7 (full 0):
 PSYoungGen      total 141760K, used 140112K [0x00000000d56b0000, 0x00000000ded10000, 0x0000000000000000)
  eden space 130496K, 100% used [0x00000000d56b0000,0x00000000dd620000,0x00000000dd620000)
  from space 11264K, 85% used [0x00000000de170000,0x00000000dead4030,0x00000000dec70000)
  to   space 11584K, 0% used [0x00000000dd620000,0x00000000dd620000,0x00000000de170000)
 ParOldGen       total 87232K, used 13659K [0x0000000080400000, 0x0000000085930000, 0x00000000d56b0000)
  object space 87232K, 15% used [0x0000000080400000,0x0000000081156dd0,0x0000000085930000)
 PSPermGen       total 21248K, used 2634K [0x000000007b200000, 0x000000007c6c0000, 0x0000000080400000)
  object space 21248K, 12% used [0x000000007b200000,0x000000007b492988,0x000000007c6c0000)
Event: 1,509 GC heap after
Heap after GC invocations=7 (full 0):
 PSYoungGen      total 142080K, used 11574K [0x00000000d56b0000, 0x00000000e7390000, 0x0000000000000000)
  eden space 130496K, 0% used [0x00000000d56b0000,0x00000000d56b0000,0x00000000dd620000)
  from space 11584K, 99% used [0x00000000dd620000,0x00000000de16da08,0x00000000de170000)
  to   space 15360K, 0% used [0x00000000e6490000,0x00000000e6490000,0x00000000e7390000)
 ParOldGen       total 87232K, used 18827K [0x0000000080400000, 0x0000000085930000, 0x00000000d56b0000)
  object space 87232K, 21% used [0x0000000080400000,0x0000000081662e20,0x0000000085930000)
 PSPermGen       total 21248K, used 2634K [0x000000007b200000, 0x000000007c6c0000, 0x0000000080400000)
  object space 21248K, 12% used [0x000000007b200000,0x000000007b492988,0x000000007c6c0000)
}

